Traceback (most recent call last):
  File "C:\laragon\bin\python\python-3.10\lib\site-packages\jupyter_cache\executors\utils.py", line 58, in single_nb_execution
    executenb(
  File "C:\laragon\bin\python\python-3.10\lib\site-packages\nbclient\client.py", line 1323, in execute
    return NotebookClient(nb=nb, resources=resources, km=km, **kwargs).execute()
  File "C:\laragon\bin\python\python-3.10\lib\site-packages\jupyter_core\utils\__init__.py", line 165, in wrapped
    return loop.run_until_complete(inner)
  File "C:\laragon\bin\python\python-3.10\lib\asyncio\base_events.py", line 646, in run_until_complete
    return future.result()
  File "C:\laragon\bin\python\python-3.10\lib\site-packages\nbclient\client.py", line 709, in async_execute
    await self.async_execute_cell(
  File "C:\laragon\bin\python\python-3.10\lib\site-packages\nbclient\client.py", line 1062, in async_execute_cell
    await self._check_raise_for_error(cell, cell_index, exec_reply)
  File "C:\laragon\bin\python\python-3.10\lib\site-packages\nbclient\client.py", line 918, in _check_raise_for_error
    raise CellExecutionError.from_cell_and_msg(cell, exec_reply_content)
nbclient.exceptions.CellExecutionError: An error occurred while executing the following cell:
------------------
import pandas as pd
from scipy import stats

# Memuat dataset
df = pd.read_csv("IRIS.csv")

# Perhitungan statistik khusus fitur sepal_length
print("--- STATISTIK SEPAL LENGTH ---")
print("Jumlah data      :", df['sepal_length'].count())
print("Rata-rata        :", df['sepal_length'].mean())
print("Nilai minimal    :", df['sepal_length'].min())
print("Q1 (25%)         :", df['sepal_length'].quantile(0.25))
print("Q2 (Median)      :", df['sepal_length'].quantile(0.5))
print("Q3 (75%)         :", df['sepal_length'].quantile(0.75))
print("Nilai Maksimal   :", df['sepal_length'].max())

# Menghitung Modus menggunakan scipy
mode_res = stats.mode(df['sepal_length'], keepdims=True)
print(f"Nilai Modus      : {mode_res.mode[0]} (Muncul {mode_res.count[0]} kali)")

# Variansi, Standar Deviasi, dan Skewness
print("Kemencengan      :", "{0:.6f}".format(round(df['sepal_length'].skew(), 6)))
print("Standar Deviasi  :", "{0:.2f}".format(round(df['sepal_length'].std(), 2)))
print("Variansi         :", "{0:.2f}".format(round(df['sepal_length'].var(), 2)))
------------------


[1;31m---------------------------------------------------------------------------[0m
[1;31mModuleNotFoundError[0m                       Traceback (most recent call last)
Cell [1;32mIn[1], line 2[0m
[0;32m      1[0m [38;5;28;01mimport[39;00m[38;5;250m [39m[38;5;21;01mpandas[39;00m[38;5;250m [39m[38;5;28;01mas[39;00m[38;5;250m [39m[38;5;21;01mpd[39;00m
[1;32m----> 2[0m [38;5;28;01mfrom[39;00m[38;5;250m [39m[38;5;21;01mscipy[39;00m[38;5;250m [39m[38;5;28;01mimport[39;00m stats
[0;32m      4[0m [38;5;66;03m# Memuat dataset[39;00m
[0;32m      5[0m df [38;5;241m=[39m pd[38;5;241m.[39mread_csv([38;5;124m"[39m[38;5;124mIRIS.csv[39m[38;5;124m"[39m)

[1;31mModuleNotFoundError[0m: No module named 'scipy'

