Traceback (most recent call last):
  File "C:\laragon\bin\python\python-3.10\lib\site-packages\jupyter_cache\executors\utils.py", line 58, in single_nb_execution
    executenb(
  File "C:\laragon\bin\python\python-3.10\lib\site-packages\nbclient\client.py", line 1323, in execute
    return NotebookClient(nb=nb, resources=resources, km=km, **kwargs).execute()
  File "C:\laragon\bin\python\python-3.10\lib\site-packages\jupyter_core\utils\__init__.py", line 165, in wrapped
    return loop.run_until_complete(inner)
  File "C:\laragon\bin\python\python-3.10\lib\asyncio\base_events.py", line 646, in run_until_complete
    return future.result()
  File "C:\laragon\bin\python\python-3.10\lib\site-packages\nbclient\client.py", line 709, in async_execute
    await self.async_execute_cell(
  File "C:\laragon\bin\python\python-3.10\lib\site-packages\nbclient\client.py", line 1062, in async_execute_cell
    await self._check_raise_for_error(cell, cell_index, exec_reply)
  File "C:\laragon\bin\python\python-3.10\lib\site-packages\nbclient\client.py", line 918, in _check_raise_for_error
    raise CellExecutionError.from_cell_and_msg(cell, exec_reply_content)
nbclient.exceptions.CellExecutionError: An error occurred while executing the following cell:
------------------
import seaborn as sns
import matplotlib.pyplot as plt

plt.figure(figsize=(10, 6))
sns.boxplot(data=df.drop(columns=['species']))
plt.title("Boxplot Fitur Numerik Dataset IRIS")
plt.show()

# Menghitung IQR untuk kolom sepal_width
Q1 = df['sepal_width'].quantile(0.25)
Q3 = df['sepal_width'].quantile(0.75)
IQR = Q3 - Q1

# Menentukan batas atas dan batas bawah
lower_bound = Q1 - 1.5 * IQR
upper_bound = Q3 + 1.5 * IQR

# Memfilter data outlier
outliers = df[(df['sepal_width'] < lower_bound) | (df['sepal_width'] > upper_bound)]
print(f"Jumlah outlier pada sepal_width: {len(outliers)}")
outliers

## Ringkasan Statistik

Untuk memahami sebaran angka pada setiap fitur numerik, berikut adalah ringkasan statistik deskriptif dari dataset tersebut:

```{code-cell}
:tags: [hide-input]
# Menampilkan ringkasan statistik (Mean, Std Dev, Min, Max, dll)
df.describe()
------------------


[1;36m  Cell [1;32mIn[7], line 25[1;36m[0m
[1;33m    Untuk memahami sebaran angka pada setiap fitur numerik, berikut adalah ringkasan statistik deskriptif dari dataset tersebut:[0m
[1;37m          ^[0m
[1;31mSyntaxError[0m[1;31m:[0m invalid syntax


