Traceback (most recent call last):
  File "C:\Users\ARIEL\AppData\Roaming\Python\Python39\site-packages\jupyter_core\utils\__init__.py", line 154, in wrapped
    asyncio.get_running_loop()
RuntimeError: no running event loop

During handling of the above exception, another exception occurred:

Traceback (most recent call last):
  File "C:\Users\ARIEL\AppData\Local\Programs\Python\Python39\lib\site-packages\jupyter_cache\executors\utils.py", line 58, in single_nb_execution
    executenb(
  File "C:\Users\ARIEL\AppData\Local\Programs\Python\Python39\lib\site-packages\nbclient\client.py", line 1319, in execute
    return NotebookClient(nb=nb, resources=resources, km=km, **kwargs).execute()
  File "C:\Users\ARIEL\AppData\Roaming\Python\Python39\site-packages\jupyter_core\utils\__init__.py", line 158, in wrapped
    return loop.run_until_complete(inner)
  File "C:\Users\ARIEL\AppData\Local\Programs\Python\Python39\lib\asyncio\base_events.py", line 642, in run_until_complete
    return future.result()
  File "C:\Users\ARIEL\AppData\Local\Programs\Python\Python39\lib\site-packages\nbclient\client.py", line 709, in async_execute
    await self.async_execute_cell(
  File "C:\Users\ARIEL\AppData\Local\Programs\Python\Python39\lib\site-packages\nbclient\client.py", line 1062, in async_execute_cell
    await self._check_raise_for_error(cell, cell_index, exec_reply)
  File "C:\Users\ARIEL\AppData\Local\Programs\Python\Python39\lib\site-packages\nbclient\client.py", line 918, in _check_raise_for_error
    raise CellExecutionError.from_cell_and_msg(cell, exec_reply_content)
nbclient.exceptions.CellExecutionError: An error occurred while executing the following cell:
------------------
import knime.scripting.io as knio
import pandas as pd
from sklearn.naive_bayes import GaussianNB
from sklearn.preprocessing import LabelEncoder, MinMaxScaler

# 1. SETUP DATA INPUT
# Mengambil data dari port input KNIME
df_train = knio.input_tables[0].to_pandas()
df_test = knio.input_tables[1].to_pandas()

# Menentukan fitur yang digunakan dan kolom target
selected_features = ['Weight', 'MTRANS', 'CAEC', 'Gender']
target_col = 'NObeyesdad'

# 2. ENCODING & PREPROCESSING
# Menggabungkan data untuk memastikan konsistensi label angka
df_all = pd.concat([df_train, df_test], axis=0)

# Melakukan encoding pada kolom teks
cols_to_encode = ['MTRANS', 'CAEC', 'Gender', target_col]
for col in cols_to_encode:
    le = LabelEncoder()
    df_all[col] = le.fit_transform(df_all[col].astype(str))

# Memisahkan kembali data latih dan data uji
df_train_proc = df_all.iloc[:len(df_train), :]
df_test_proc = df_all.iloc[len(df_train):, :]

X_train = df_train_proc[selected_features].values
y_train = df_train_proc[target_col].values
X_test = df_test_proc[selected_features].values

# 3. NORMALISASI DATA (Min-Max Scaling)
scaler = MinMaxScaler()
X_train_norm = scaler.fit_transform(X_train)
X_test_norm = scaler.transform(X_test)

# 4. TRAINING & PREDIKSI (Gaussian Naive Bayes)
model = GaussianNB()
model.fit(X_train_norm, y_train)

# Melakukan prediksi pada 20% data testing
y_pred_encoded = model.predict(X_test_norm)

# 5. DECODE HASIL PREDIKSI
# Mengembalikan hasil prediksi angka menjadi teks klasifikasi obesitas
le_target = LabelEncoder()
le_target.fit(df_all[target_col].astype(str))
y_pred_text = le_target.inverse_transform(y_pred_encoded)

# 6. OUTPUT KE KNIME
df_test['Prediction_Naive_Bayes'] = y_pred_text
knio.output_tables[0] = knio.Table.from_pandas(df_test)
------------------


[1;31m---------------------------------------------------------------------------[0m
[1;31mModuleNotFoundError[0m                       Traceback (most recent call last)
Cell [1;32mIn[1], line 1[0m
[1;32m----> 1[0m [38;5;28;01mimport[39;00m[38;5;250m [39m[38;5;21;01mknime[39;00m[38;5;21;01m.[39;00m[38;5;21;01mscripting[39;00m[38;5;21;01m.[39;00m[38;5;21;01mio[39;00m[38;5;250m [39m[38;5;28;01mas[39;00m[38;5;250m [39m[38;5;21;01mknio[39;00m
[0;32m      2[0m [38;5;28;01mimport[39;00m[38;5;250m [39m[38;5;21;01mpandas[39;00m[38;5;250m [39m[38;5;28;01mas[39;00m[38;5;250m [39m[38;5;21;01mpd[39;00m
[0;32m      3[0m [38;5;28;01mfrom[39;00m[38;5;250m [39m[38;5;21;01msklearn[39;00m[38;5;21;01m.[39;00m[38;5;21;01mnaive_bayes[39;00m[38;5;250m [39m[38;5;28;01mimport[39;00m GaussianNB

[1;31mModuleNotFoundError[0m: No module named 'knime'

